<?xml version="1.0" encoding="UTF-8"?>
<beans xmlns="http://www.springframework.org/schema/beans"
	   xmlns:xsi="http://www.w3.org/2001/XMLSchema-instance"
	   xmlns:mvc="http://www.springframework.org/schema/mvc"
	   xmlns:context="http://www.springframework.org/schema/context"
	   xmlns:jdbc="http://www.springframework.org/schema/jdbc"
	   xmlns:tx="http://www.springframework.org/schema/tx"
	   xsi:schemaLocation="http://www.springframework.org/schema/mvc http://www.springframework.org/schema/mvc/spring-mvc.xsd
         http://www.springframework.org/schema/beans http://www.springframework.org/schema/beans/spring-beans.xsd
         http://www.springframework.org/schema/context http://www.springframework.org/schema/context/spring-context.xsd
         http://www.springframework.org/schema/jdbc http://www.springframework.org/schema/jdbc/spring-jdbc.xsd
         http://www.springframework.org/schema/tx http://www.springframework.org/schema/tx/spring-tx-3.0.xsd">
	
	<!--
		This dispatcher servlet definition file contains definition for the 
		Spring's Dispatcher Servlet & related beans 
		i.e. beans at the WebApplicationContext (Front Controllers etc...) incl. Controllers/Handlers 
	-->
	
	<!-- enabling @Controllers scanning -->
	<context:component-scan base-package="com.mycompany.sos"/>
	
	<mvc:annotation-driven validator="validator"/>
	
	<!-- load static resources like CSS & JS -->
	<mvc:resources mapping="/**" location="/" />
	
	<!-- used to resolve JSP views -->
	<bean id="viewResolver"
		class="org.springframework.web.servlet.view.InternalResourceViewResolver" >
		<property name="prefix">
			<value>/</value>
		</property>
		<property name="suffix">
			<value>.jsp</value>
		</property>		
	</bean>
	
	<!-- properties source --> 
	<bean id="messageSource"
		class="org.springframework.context.support.ResourceBundleMessageSource">
		<property name="basename" value="error"/>
	</bean>
	
	<!-- validator (for doing Bean Validation)-->
	<bean id="validator"
    	class="org.springframework.validation.beanvalidation.LocalValidatorFactoryBean">
    	<property name="validationMessageSource" ref="messageSource" />
    </bean>

	<!-- DataSource config -->

	<jdbc:embedded-database id="dataSource" type="HSQL">
		<!--<jdbc:script location="classpath:scripts/create.sql" />-->
		<!--<jdbc:script location="classpath:scripts/insert.sql" />-->
		<jdbc:script location="file:src/integration-test/resources/scripts/create.sql" />
		<jdbc:script location="file:src/integration-test/resources/scripts/insert.sql" />
	</jdbc:embedded-database>

	<tx:annotation-driven transaction-manager="transactionManager"/>

	<bean id="entityManagerFactory" class="org.springframework.orm.jpa.LocalContainerEntityManagerFactoryBean">
		<property name="persistenceUnitName" value="com.mycompany.sos.entitymanager" />
		<!--<property name="persistenceXmlLocation" value="file:src/test/resources/META-INF/persistence-test.xml" />-->
		<property name="dataSource" ref="dataSource" />
		<property name="packagesToScan" value="com.mycompany.sos.model" />
		<property name="jpaVendorAdapter">
			<bean class="org.springframework.orm.jpa.vendor.HibernateJpaVendorAdapter">
				<property name="showSql" value="true" />
				<property name="generateDdl" value="false"/>
				<property name="databasePlatform" value="org.hibernate.dialect.HSQLDialect" />
			</bean>
		</property>
		<property name="jpaProperties">
			<props>
				<prop key="hibernate.dialect">org.hibernate.dialect.HSQLDialect</prop>
				<prop key="hibernate.hbm2ddl.auto">none</prop>
				<prop key="hibernate.show_sql">true</prop>
				<prop key="hibernate.format_sql">true</prop>
				<prop key="hibernate.enable_lazy_load_no_trans">true</prop>
			</props>
		</property>
	</bean>

	<bean id="transactionManager" class="org.springframework.orm.jpa.JpaTransactionManager">
		<property name="entityManagerFactory" ref="entityManagerFactory"></property>
	</bean>


    
	
</beans>
